#
# There is insufficient memory for the Java Runtime Environment to continue.
# Native memory allocation (malloc) failed to allocate 3012976 bytes for Chunk::new
# Possible reasons:
#   The system is out of physical RAM or swap space
#   In 32 bit mode, the process size limit was hit
# Possible solutions:
#   Reduce memory load on the system
#   Increase physical memory or swap space
#   Check if swap backing store is full
#   Use 64 bit Java on a 64 bit OS
#   Decrease Java heap size (-Xmx/-Xms)
#   Decrease number of Java threads
#   Decrease Java thread stack sizes (-Xss)
#   Set larger code cache with -XX:ReservedCodeCacheSize=
# This output file may be truncated or incomplete.
#
#  Out of Memory Error (allocation.cpp:390), pid=2984, tid=0x0000000000002e60
#
# JRE version: Java(TM) SE Runtime Environment (8.0_131-b11) (build 1.8.0_131-b11)
# Java VM: Java HotSpot(TM) 64-Bit Server VM (25.131-b11 mixed mode windows-amd64 compressed oops)
# Failed to write core dump. Minidumps are not enabled by default on client versions of Windows
#

---------------  T H R E A D  ---------------

Current thread (0x0000000017502800):  JavaThread "C2 CompilerThread0" daemon [_thread_in_native, id=11872, stack(0x0000000019060000,0x0000000019160000)]

Stack: [0x0000000019060000,0x0000000019160000]
[error occurred during error reporting (printing stack bounds), id 0xc0000005]

Native frames: (J=compiled Java code, j=interpreted, Vv=VM code, C=native code)


Current CompileTask:
C2:  35616 5466  s    4       java.beans.PropertyDescriptor::setWriteMethod (61 bytes)


---------------  P R O C E S S  ---------------

Java Threads: ( => current thread )
  0x000000002279f000 JavaThread "DefaultMessageListenerContainer-1" [_thread_blocked, id=9364, stack(0x0000000023bd0000,0x0000000023cd0000)]
  0x000000002279e000 JavaThread "ActiveMQ BrokerService[localhost] Task-2" daemon [_thread_blocked, id=12608, stack(0x0000000024310000,0x0000000024410000)]
  0x000000002279b000 JavaThread "ActiveMQ VMTransport: vm://localhost#1-1" daemon [_thread_blocked, id=7424, stack(0x0000000024210000,0x0000000024310000)]
  0x000000002279d800 JavaThread "DefaultMessageListenerContainer-1" [_thread_in_vm, id=9012, stack(0x0000000023e10000,0x0000000023f10000)]
  0x000000002279c000 JavaThread "ActiveMQ VMTransport: vm://localhost#0-1" daemon [_thread_blocked, id=11816, stack(0x0000000023d10000,0x0000000023e10000)]
  0x000000002279f800 JavaThread "ActiveMQ BrokerService[localhost] Task-1" daemon [_thread_blocked, id=356, stack(0x000000001c2d0000,0x000000001c3d0000)]
  0x0000000020901000 JavaThread "RMI TCP Connection(2)-192.168.56.1" daemon [_thread_in_native, id=8112, stack(0x0000000023ad0000,0x0000000023bd0000)]
  0x0000000020b5c800 JavaThread "RMI RenewClean-[192.168.56.1:64888]" daemon [_thread_blocked, id=10128, stack(0x00000000239d0000,0x0000000023ad0000)]
  0x0000000019f48000 JavaThread "RMI Scheduler(0)" daemon [_thread_blocked, id=11680, stack(0x00000000238d0000,0x00000000239d0000)]
  0x0000000020a31000 JavaThread "RMI TCP Connection(1)-127.0.0.1" daemon [_thread_in_native, id=12436, stack(0x00000000237d0000,0x00000000238d0000)]
  0x0000000020bfd800 JavaThread "ActiveMQ Broker[localhost] Scheduler" daemon [_thread_blocked, id=2660, stack(0x00000000236d0000,0x00000000237d0000)]
  0x00000000205ca800 JavaThread "GC Daemon" daemon [_thread_blocked, id=11912, stack(0x00000000235d0000,0x00000000236d0000)]
  0x000000001befe800 JavaThread "RMI Reaper" [_thread_blocked, id=4488, stack(0x00000000234d0000,0x00000000235d0000)]
  0x0000000020487000 JavaThread "RMI TCP Accept-0" daemon [_thread_in_native, id=12472, stack(0x0000000021540000,0x0000000021640000)]
  0x0000000022116800 JavaThread "RMI TCP Accept-1099" daemon [_thread_in_native, id=6864, stack(0x000000001c800000,0x000000001c900000)]
  0x000000001a9c6800 JavaThread "commons-pool-evictor-thread" daemon [_thread_blocked, id=8336, stack(0x000000001b1e0000,0x000000001b2e0000)]
  0x0000000018a13000 JavaThread "Service Thread" daemon [_thread_blocked, id=9864, stack(0x0000000019360000,0x0000000019460000)]
  0x0000000018a05000 JavaThread "C1 CompilerThread2" daemon [_thread_blocked, id=12704, stack(0x0000000019260000,0x0000000019360000)]
  0x0000000017508000 JavaThread "C2 CompilerThread1" daemon [_thread_in_native, id=2600, stack(0x0000000019160000,0x0000000019260000)]
=>0x0000000017502800 JavaThread "C2 CompilerThread0" daemon [_thread_in_native, id=11872, stack(0x0000000019060000,0x0000000019160000)]
  0x0000000017501000 JavaThread "Monitor Ctrl-Break" daemon [_thread_in_native, id=768, stack(0x0000000018f60000,0x0000000019060000)]
  0x00000000174de000 JavaThread "Attach Listener" daemon [_thread_blocked, id=13064, stack(0x0000000018e60000,0x0000000018f60000)]
  0x00000000174db000 JavaThread "Signal Dispatcher" daemon [_thread_blocked, id=6960, stack(0x0000000018d60000,0x0000000018e60000)]
  0x000000001749f800 JavaThread "Finalizer" daemon [_thread_blocked, id=12804, stack(0x0000000018700000,0x0000000018800000)]
  0x000000000286b000 JavaThread "Reference Handler" daemon [_thread_blocked, id=11384, stack(0x0000000018600000,0x0000000018700000)]
  0x0000000002773800 JavaThread "main" [_thread_in_vm, id=14212, stack(0x0000000002670000,0x0000000002770000)]

Other Threads:
  0x0000000017478000 VMThread [stack: 0x0000000018500000,0x0000000018600000] [id=4356]
  0x0000000018a9a000 WatcherThread [stack: 0x0000000019460000,0x0000000019560000] [id=13140]

VM state:not at safepoint (normal execution)

VM Mutex/Monitor currently owned by a thread:  ([mutex/lock_event])
[0x0000000002772c60] CompiledIC_lock - owner thread: 0x0000000002773800

Heap:
 PSYoungGen      total 251904K, used 48589K [0x00000000d5e00000, 0x00000000e6e00000, 0x0000000100000000)
  eden space 236544K, 20% used [0x00000000d5e00000,0x00000000d8d73460,0x00000000e4500000)
  from space 15360K, 0% used [0x00000000e5580000,0x00000000e5580000,0x00000000e6480000)
  to   space 16896K, 0% used [0x00000000e4500000,0x00000000e4500000,0x00000000e5580000)
 ParOldGen       total 140800K, used 36517K [0x0000000081a00000, 0x000000008a380000, 0x00000000d5e00000)
  object space 140800K, 25% used [0x0000000081a00000,0x0000000083da9608,0x000000008a380000)
 Metaspace       used 58557K, capacity 62010K, committed 62208K, reserved 1103872K
  class space    used 7810K, capacity 8387K, committed 8448K, reserved 1048576K

Card table byte_map: [0x0000000011d30000,0x0000000012130000] byte_map_base: 0x0000000011923000

Marking Bits: (ParMarkBitMap*) 0x000000005647c720
 Begin Bits: [0x00000000127e0000, 0x0000000014778000)
 End Bits:   [0x0000000014778000, 0x0000000016710000)

Polling page: 0x0000000000660000

CodeCache: size=245760Kb used=19036Kb max_used=19371Kb free=226723Kb
 bounds [0x0000000002970000, 0x0000000003c90000, 0x0000000011970000]
 total_blobs=5387 nmethods=4852 adapters=446
 compilation: enabled

Compilation events (10 events):
Event: 35.582 Thread 0x0000000018a05000 5582       1       com.sun.jmx.mbeanserver.PerInterface::access$500 (5 bytes)
Event: 35.582 Thread 0x0000000018a05000 nmethod 5582 0x0000000002bc1890 code [0x0000000002bc19e0, 0x0000000002bc1ad0]
Event: 35.583 Thread 0x0000000018a05000 5581   !   3       sun.reflect.GeneratedConstructorAccessor49::newInstance (53 bytes)
Event: 35.583 Thread 0x0000000018a05000 nmethod 5581 0x0000000002e22610 code [0x0000000002e22800, 0x0000000002e23048]
Event: 35.584 Thread 0x0000000018a05000 5583       1       javax.management.MBeanAttributeInfo::getType (5 bytes)
Event: 35.584 Thread 0x0000000018a05000 nmethod 5583 0x0000000002ec7550 code [0x0000000002ec76a0, 0x0000000002ec77b0]
Event: 35.585 Thread 0x0000000018a05000 5584       1       javax.management.MBeanAttributeInfo::isReadable (5 bytes)
Event: 35.585 Thread 0x0000000018a05000 nmethod 5584 0x0000000003143110 code [0x0000000003143260, 0x0000000003143370]
Event: 35.586 Thread 0x0000000018a05000 5585       1       javax.management.MBeanAttributeInfo::isWritable (5 bytes)
Event: 35.586 Thread 0x0000000018a05000 nmethod 5585 0x0000000002fd7090 code [0x0000000002fd71e0, 0x0000000002fd72f0]

GC Heap History (10 events):
Event: 17.821 GC heap before
{Heap before GC invocations=11 (full 2):
 PSYoungGen      total 165888K, used 157184K [0x00000000d5e00000, 0x00000000e3c80000, 0x0000000100000000)
  eden space 157184K, 100% used [0x00000000d5e00000,0x00000000df780000,0x00000000df780000)
  from space 8704K, 0% used [0x00000000e0100000,0x00000000e0100000,0x00000000e0980000)
  to   space 9728K, 0% used [0x00000000df780000,0x00000000df780000,0x00000000e0100000)
 ParOldGen       total 88064K, used 14276K [0x0000000081a00000, 0x0000000087000000, 0x00000000d5e00000)
  object space 88064K, 16% used [0x0000000081a00000,0x00000000827f1390,0x0000000087000000)
 Metaspace       used 39713K, capacity 41958K, committed 42112K, reserved 1085440K
  class space    used 5328K, capacity 5735K, committed 5760K, reserved 1048576K
Event: 17.845 GC heap after
Heap after GC invocations=11 (full 2):
 PSYoungGen      total 166912K, used 8702K [0x00000000d5e00000, 0x00000000e3380000, 0x0000000100000000)
  eden space 157184K, 0% used [0x00000000d5e00000,0x00000000d5e00000,0x00000000df780000)
  from space 9728K, 89% used [0x00000000df780000,0x00000000dffffaf0,0x00000000e0100000)
  to   space 10240K, 0% used [0x00000000e2980000,0x00000000e2980000,0x00000000e3380000)
 ParOldGen       total 88064K, used 14284K [0x0000000081a00000, 0x0000000087000000, 0x00000000d5e00000)
  object space 88064K, 16% used [0x0000000081a00000,0x00000000827f3390,0x0000000087000000)
 Metaspace       used 39713K, capacity 41958K, committed 42112K, reserved 1085440K
  class space    used 5328K, capacity 5735K, committed 5760K, reserved 1048576K
}
Event: 21.438 GC heap before
{Heap before GC invocations=12 (full 2):
 PSYoungGen      total 166912K, used 165886K [0x00000000d5e00000, 0x00000000e3380000, 0x0000000100000000)
  eden space 157184K, 100% used [0x00000000d5e00000,0x00000000df780000,0x00000000df780000)
  from space 9728K, 89% used [0x00000000df780000,0x00000000dffffaf0,0x00000000e0100000)
  to   space 10240K, 0% used [0x00000000e2980000,0x00000000e2980000,0x00000000e3380000)
 ParOldGen       total 88064K, used 14284K [0x0000000081a00000, 0x0000000087000000, 0x00000000d5e00000)
  object space 88064K, 16% used [0x0000000081a00000,0x00000000827f3390,0x0000000087000000)
 Metaspace       used 46096K, capacity 48468K, committed 48768K, reserved 1091584K
  class space    used 6069K, capacity 6492K, committed 6528K, reserved 1048576K
Event: 21.454 GC heap after
Heap after GC invocations=12 (full 2):
 PSYoungGen      total 204288K, used 10214K [0x00000000d5e00000, 0x00000000e3380000, 0x0000000100000000)
  eden space 194048K, 0% used [0x00000000d5e00000,0x00000000d5e00000,0x00000000e1b80000)
  from space 10240K, 99% used [0x00000000e2980000,0x00000000e3379810,0x00000000e3380000)
  to   space 11776K, 0% used [0x00000000e1c80000,0x00000000e1c80000,0x00000000e2800000)
 ParOldGen       total 88064K, used 15878K [0x0000000081a00000, 0x0000000087000000, 0x00000000d5e00000)
  object space 88064K, 18% used [0x0000000081a00000,0x0000000082981ad8,0x0000000087000000)
 Metaspace       used 46096K, capacity 48468K, committed 48768K, reserved 1091584K
  class space    used 6069K, capacity 6492K, committed 6528K, reserved 1048576K
}
Event: 30.455 GC heap before
{Heap before GC invocations=13 (full 2):
 PSYoungGen      total 204288K, used 204262K [0x00000000d5e00000, 0x00000000e3380000, 0x0000000100000000)
  eden space 194048K, 100% used [0x00000000d5e00000,0x00000000e1b80000,0x00000000e1b80000)
  from space 10240K, 99% used [0x00000000e2980000,0x00000000e3379810,0x00000000e3380000)
  to   space 11776K, 0% used [0x00000000e1c80000,0x00000000e1c80000,0x00000000e2800000)
 ParOldGen       total 88064K, used 15878K [0x0000000081a00000, 0x0000000087000000, 0x00000000d5e00000)
  object space 88064K, 18% used [0x0000000081a00000,0x0000000082981ad8,0x0000000087000000)
 Metaspace       used 51251K, capacity 54194K, committed 54400K, reserved 1095680K
  class space    used 6763K, capacity 7259K, committed 7296K, reserved 1048576K
Event: 30.527 GC heap after
Heap after GC invocations=13 (full 2):
 PSYoungGen      total 206848K, used 11748K [0x00000000d5e00000, 0x00000000e6480000, 0x0000000100000000)
  eden space 195072K, 0% used [0x00000000d5e00000,0x00000000d5e00000,0x00000000e1c80000)
  from space 11776K, 99% used [0x00000000e1c80000,0x00000000e27f9360,0x00000000e2800000)
  to   space 15360K, 0% used [0x00000000e5580000,0x00000000e5580000,0x00000000e6480000)
 ParOldGen       total 88064K, used 22402K [0x0000000081a00000, 0x0000000087000000, 0x00000000d5e00000)
  object space 88064K, 25% used [0x0000000081a00000,0x0000000082fe0960,0x0000000087000000)
 Metaspace       used 51251K, capacity 54194K, committed 54400K, reserved 1095680K
  class space    used 6763K, capacity 7259K, committed 7296K, reserved 1048576K
}
Event: 33.613 GC heap before
{Heap before GC invocations=14 (full 2):
 PSYoungGen      total 206848K, used 183937K [0x00000000d5e00000, 0x00000000e6480000, 0x0000000100000000)
  eden space 195072K, 88% used [0x00000000d5e00000,0x00000000e0627498,0x00000000e1c80000)
  from space 11776K, 99% used [0x00000000e1c80000,0x00000000e27f9360,0x00000000e2800000)
  to   space 15360K, 0% used [0x00000000e5580000,0x00000000e5580000,0x00000000e6480000)
 ParOldGen       total 88064K, used 22402K [0x0000000081a00000, 0x0000000087000000, 0x00000000d5e00000)
  object space 88064K, 25% used [0x0000000081a00000,0x0000000082fe0960,0x0000000087000000)
 Metaspace       used 55530K, capacity 58874K, committed 59008K, reserved 1099776K
  class space    used 7400K, capacity 7975K, committed 8064K, reserved 1048576K
Event: 33.669 GC heap after
Heap after GC invocations=14 (full 2):
 PSYoungGen      total 251904K, used 13943K [0x00000000d5e00000, 0x00000000e6e00000, 0x0000000100000000)
  eden space 236544K, 0% used [0x00000000d5e00000,0x00000000d5e00000,0x00000000e4500000)
  from space 15360K, 90% used [0x00000000e5580000,0x00000000e631dd50,0x00000000e6480000)
  to   space 16896K, 0% used [0x00000000e4500000,0x00000000e4500000,0x00000000e5580000)
 ParOldGen       total 88064K, used 29329K [0x0000000081a00000, 0x0000000087000000, 0x00000000d5e00000)
  object space 88064K, 33% used [0x0000000081a00000,0x00000000836a4620,0x0000000087000000)
 Metaspace       used 55530K, capacity 58874K, committed 59008K, reserved 1099776K
  class space    used 7400K, capacity 7975K, committed 8064K, reserved 1048576K
}
Event: 33.669 GC heap before
{Heap before GC invocations=15 (full 3):
 PSYoungGen      total 251904K, used 13943K [0x00000000d5e00000, 0x00000000e6e00000, 0x0000000100000000)
  eden space 236544K, 0% used [0x00000000d5e00000,0x00000000d5e00000,0x00000000e4500000)
  from space 15360K, 90% used [0x00000000e5580000,0x00000000e631dd50,0x00000000e6480000)
  to   space 16896K, 0% used [0x00000000e4500000,0x00000000e4500000,0x00000000e5580000)
 ParOldGen       total 88064K, used 29329K [0x0000000081a00000, 0x0000000087000000, 0x00000000d5e00000)
  object space 88064K, 33% used [0x0000000081a00000,0x00000000836a4620,0x0000000087000000)
 Metaspace       used 55530K, capacity 58874K, committed 59008K, reserved 1099776K
  class space    used 7400K, capacity 7975K, committed 8064K, reserved 1048576K
Event: 34.105 GC heap after
Heap after GC invocations=15 (full 3):
 PSYoungGen      total 251904K, used 0K [0x00000000d5e00000, 0x00000000e6e00000, 0x0000000100000000)
  eden space 236544K, 0% used [0x00000000d5e00000,0x00000000d5e00000,0x00000000e4500000)
  from space 15360K, 0% used [0x00000000e5580000,0x00000000e5580000,0x00000000e6480000)
  to   space 16896K, 0% used [0x00000000e4500000,0x00000000e4500000,0x00000000e5580000)
 ParOldGen       total 140800K, used 36517K [0x0000000081a00000, 0x000000008a380000, 0x00000000d5e00000)
  object space 140800K, 25% used [0x0000000081a00000,0x0000000083da9608,0x000000008a380000)
 Metaspace       used 55530K, capacity 58874K, committed 59008K, reserved 1099776K
  class space    used 7400K, capacity 7975K, committed 8064K, reserved 1048576K
}

Deoptimization events (10 events):
Event: 35.317 Thread 0x000000001f6ba000 Uncommon trap: reason=class_check action=maybe_recompile pc=0x0000000002d6dffc method=java.io.DataOutputStream.write(I)V @ 5
Event: 35.317 Thread 0x000000001f6ba000 Uncommon trap: reason=class_check action=maybe_recompile pc=0x0000000002d4a3f0 method=java.io.DataOutputStream.write(I)V @ 5
Event: 35.317 Thread 0x000000001f6ba000 Uncommon trap: reason=bimorphic action=maybe_recompile pc=0x00000000031a2d8c method=java.io.DataOutputStream.writeByte(I)V @ 5
Event: 35.385 Thread 0x0000000020a31000 Uncommon trap: reason=bimorphic action=maybe_recompile pc=0x00000000031a2d8c method=java.io.DataOutputStream.writeByte(I)V @ 5
Event: 35.389 Thread 0x000000001f6ba000 Uncommon trap: reason=unstable_if action=reinterpret pc=0x0000000003779210 method=java.lang.Class.arrayContentsEq([Ljava/lang/Object;[Ljava/lang/Object;)Z @ 1
Event: 35.414 Thread 0x0000000020a31000 Uncommon trap: reason=bimorphic action=maybe_recompile pc=0x00000000031a2d8c method=java.io.DataOutputStream.writeByte(I)V @ 5
Event: 35.415 Thread 0x0000000020901000 Uncommon trap: reason=bimorphic action=maybe_recompile pc=0x00000000031a2d8c method=java.io.DataOutputStream.writeByte(I)V @ 5
Event: 35.422 Thread 0x0000000020901000 Uncommon trap: reason=class_check action=maybe_recompile pc=0x0000000003b38f00 method=java.util.Hashtable.get(Ljava/lang/Object;)Ljava/lang/Object; @ 6
Event: 35.424 Thread 0x0000000020a31000 Uncommon trap: reason=class_check action=maybe_recompile pc=0x0000000003b38f00 method=java.util.Hashtable.get(Ljava/lang/Object;)Ljava/lang/Object; @ 6
Event: 35.520 Thread 0x0000000002773800 Uncommon trap: reason=unstable_if action=reinterpret pc=0x0000000003acdc60 method=java.util.HashMap$HashIterator.<init>(Ljava/util/HashMap;)V @ 45

Internal exceptions (10 events):
Event: 33.295 Thread 0x0000000002773800 Exception <a 'java/lang/ClassNotFoundException': org/springframework/beans/factory/InitializingBeanCustomizer> (0x00000000dfaa34e8) thrown at [C:\re\workspace\8-2-build-windows-amd64-cygwin\jdk8u131\8869\hotspot\src\share\vm\classfile\systemDictionary.cpp
Event: 33.296 Thread 0x0000000002773800 Exception <a 'java/lang/ClassNotFoundException': org/springframework/beans/factory/DisposableBeanCustomizer> (0x00000000dfacf710) thrown at [C:\re\workspace\8-2-build-windows-amd64-cygwin\jdk8u131\8869\hotspot\src\share\vm\classfile\systemDictionary.cpp, 
Event: 33.301 Thread 0x0000000002773800 Exception <a 'java/lang/ClassNotFoundException': java/lang/ObjectCustomizer> (0x00000000dfb34af8) thrown at [C:\re\workspace\8-2-build-windows-amd64-cygwin\jdk8u131\8869\hotspot\src\share\vm\classfile\systemDictionary.cpp, line 210]
Event: 33.302 Thread 0x0000000002773800 Exception <a 'java/lang/ClassNotFoundException': org/springframework/web/multipart/support/StandardServletMultipartResolverCustomizer> (0x00000000dfb72ff0) thrown at [C:\re\workspace\8-2-build-windows-amd64-cygwin\jdk8u131\8869\hotspot\src\share\vm\classf
Event: 33.304 Thread 0x0000000002773800 Exception <a 'java/lang/ClassNotFoundException': org/springframework/web/multipart/MultipartResolverCustomizer> (0x00000000dfba6568) thrown at [C:\re\workspace\8-2-build-windows-amd64-cygwin\jdk8u131\8869\hotspot\src\share\vm\classfile\systemDictionary.cp
Event: 34.650 Thread 0x000000001f6ba000 Exception <a 'java/lang/ClassNotFoundException': javax/management/remote/rmi/RMIServerImpl_Skel> (0x00000000d692d728) thrown at [C:\re\workspace\8-2-build-windows-amd64-cygwin\jdk8u131\8869\hotspot\src\share\vm\classfile\systemDictionary.cpp, line 210]
Event: 35.389 Thread 0x000000001f6ba000 Implicit null exception at 0x000000000377918c to 0x00000000037791fd
Event: 35.416 Thread 0x0000000020a31000 Exception <a 'java/lang/NoSuchMethodError': <clinit>> (0x00000000d72c7298) thrown at [C:\re\workspace\8-2-build-windows-amd64-cygwin\jdk8u131\8869\hotspot\src\share\vm\prims\jni.cpp, line 1613]
Event: 35.420 Thread 0x0000000020a31000 Exception <a 'java/lang/NoSuchMethodError': <clinit>> (0x00000000d72e2dd8) thrown at [C:\re\workspace\8-2-build-windows-amd64-cygwin\jdk8u131\8869\hotspot\src\share\vm\prims\jni.cpp, line 1613]
Event: 35.424 Thread 0x0000000020b5c800 Exception <a 'java/lang/InterruptedException'> (0x00000000d7b30580) thrown at [C:\re\workspace\8-2-build-windows-amd64-cygwin\jdk8u131\8869\hotspot\src\share\vm\runtime\objectMonitor.cpp, line 1684]

Events (10 events):
Event: 35.585 Executing VM operation: RevokeBias
Event: 35.585 Executing VM operation: RevokeBias done
Event: 35.585 loading class org/apache/activemq/ActiveMQSession
Event: 35.585 loading class org/apache/activemq/ActiveMQSession done
Event: 35.585 Executing VM operation: RevokeBias
Event: 35.585 Executing VM operation: RevokeBias done
Event: 35.586 loading class org/springframework/boot/rsocket/context/RSocketServerInitializedEvent
Event: 35.586 loading class org/springframework/boot/rsocket/context/RSocketServerInitializedEvent done
Event: 35.586 Thread 0x0000000018a05000 flushing nmethod 0x00000000032a9dd0
Event: 35.586 Thread 0x0000000018a05000 flushing nmethod 0x0000000003338790


Dynamic libraries:
0x00007ff73b310000 - 0x00007ff73b347000 	E:\jdk\bin\java.exe
0x00007ffc3b340000 - 0x00007ffc3b530000 	C:\WINDOWS\SYSTEM32\ntdll.dll
0x00007ffc3a090000 - 0x00007ffc3a142000 	C:\WINDOWS\System32\KERNEL32.DLL
0x00007ffc382d0000 - 0x00007ffc38573000 	C:\WINDOWS\System32\KERNELBASE.dll
0x00007ffc39a60000 - 0x00007ffc39b03000 	C:\WINDOWS\System32\ADVAPI32.dll
0x00007ffc3ab20000 - 0x00007ffc3abbe000 	C:\WINDOWS\System32\msvcrt.dll
0x00007ffc39b10000 - 0x00007ffc39ba7000 	C:\WINDOWS\System32\sechost.dll
0x00007ffc3aa00000 - 0x00007ffc3ab20000 	C:\WINDOWS\System32\RPCRT4.dll
0x00007ffc393f0000 - 0x00007ffc39584000 	C:\WINDOWS\System32\USER32.dll
0x00007ffc393c0000 - 0x00007ffc393e1000 	C:\WINDOWS\System32\win32u.dll
0x00007ffc39fb0000 - 0x00007ffc39fd6000 	C:\WINDOWS\System32\GDI32.dll
0x00007ffc38a40000 - 0x00007ffc38bd4000 	C:\WINDOWS\System32\gdi32full.dll
0x00007ffc38970000 - 0x00007ffc38a0e000 	C:\WINDOWS\System32\msvcp_win.dll
0x00007ffc386d0000 - 0x00007ffc387ca000 	C:\WINDOWS\System32\ucrtbase.dll
0x00007ffc2cf80000 - 0x00007ffc2d205000 	C:\WINDOWS\WinSxS\amd64_microsoft.windows.common-controls_6595b64144ccf1df_6.0.18362.720_none_e6beb5c51314836b\COMCTL32.dll
0x00007ffc3ade0000 - 0x00007ffc3b116000 	C:\WINDOWS\System32\combase.dll
0x00007ffc38580000 - 0x00007ffc38600000 	C:\WINDOWS\System32\bcryptPrimitives.dll
0x00007ffc3b2d0000 - 0x00007ffc3b2fe000 	C:\WINDOWS\System32\IMM32.DLL
0x0000000056500000 - 0x00000000565d2000 	E:\jdk\jre\bin\msvcr100.dll
0x0000000055c60000 - 0x00000000564fc000 	E:\jdk\jre\bin\server\jvm.dll
0x00007ffc3a990000 - 0x00007ffc3a998000 	C:\WINDOWS\System32\PSAPI.DLL
0x00007ffc333b0000 - 0x00007ffc333b9000 	C:\WINDOWS\SYSTEM32\WSOCK32.dll
0x00007ffc39e00000 - 0x00007ffc39e6f000 	C:\WINDOWS\System32\WS2_32.dll
0x00007ffc36190000 - 0x00007ffc361b4000 	C:\WINDOWS\SYSTEM32\WINMM.dll
0x00007ffc317d0000 - 0x00007ffc317da000 	C:\WINDOWS\SYSTEM32\VERSION.dll
0x00007ffc36160000 - 0x00007ffc3618d000 	C:\WINDOWS\SYSTEM32\WINMMBASE.dll
0x00007ffc387d0000 - 0x00007ffc3881a000 	C:\WINDOWS\System32\cfgmgr32.dll
0x00000000577f0000 - 0x00000000577ff000 	E:\jdk\jre\bin\verify.dll
0x00000000577c0000 - 0x00000000577e9000 	E:\jdk\jre\bin\java.dll
0x0000000056ff0000 - 0x0000000057013000 	E:\jdk\jre\bin\instrument.dll
0x00000000577a0000 - 0x00000000577b6000 	E:\jdk\jre\bin\zip.dll
0x00007ffc3a240000 - 0x00007ffc3a925000 	C:\WINDOWS\System32\SHELL32.dll
0x00007ffc39fe0000 - 0x00007ffc3a089000 	C:\WINDOWS\System32\shcore.dll
0x00007ffc38be0000 - 0x00007ffc39360000 	C:\WINDOWS\System32\windows.storage.dll
0x00007ffc38230000 - 0x00007ffc38253000 	C:\WINDOWS\System32\profapi.dll
0x00007ffc38280000 - 0x00007ffc382ca000 	C:\WINDOWS\System32\powrprof.dll
0x00007ffc38200000 - 0x00007ffc38210000 	C:\WINDOWS\System32\UMPDC.dll
0x00007ffc39590000 - 0x00007ffc395e2000 	C:\WINDOWS\System32\shlwapi.dll
0x00007ffc38210000 - 0x00007ffc38221000 	C:\WINDOWS\System32\kernel.appcore.dll
0x00007ffc386b0000 - 0x00007ffc386c7000 	C:\WINDOWS\System32\cryptsp.dll
0x00007ffc30460000 - 0x00007ffc3047a000 	E:\summerWork\java idea\IntelliJ IDEA 2018.1.6\bin\breakgen64.dll
0x0000000057780000 - 0x000000005779a000 	E:\jdk\jre\bin\net.dll
0x00007ffc37a40000 - 0x00007ffc37aa7000 	C:\WINDOWS\system32\mswsock.dll
0x0000000057760000 - 0x0000000057771000 	E:\jdk\jre\bin\nio.dll
0x0000000057750000 - 0x000000005775d000 	E:\jdk\jre\bin\management.dll
0x00007ffc1cb10000 - 0x00007ffc1cb26000 	C:\WINDOWS\system32\napinsp.dll
0x00007ffc1caf0000 - 0x00007ffc1cb0a000 	C:\WINDOWS\system32\pnrpnsp.dll
0x00007ffc377e0000 - 0x00007ffc378aa000 	C:\WINDOWS\SYSTEM32\DNSAPI.dll
0x00007ffc3ad20000 - 0x00007ffc3ad28000 	C:\WINDOWS\System32\NSI.dll
0x00007ffc37750000 - 0x00007ffc3778a000 	C:\WINDOWS\SYSTEM32\IPHLPAPI.DLL
0x00007ffc2a740000 - 0x00007ffc2a74e000 	C:\WINDOWS\System32\winrnr.dll
0x00007ffc34790000 - 0x00007ffc347ac000 	C:\WINDOWS\system32\NLAapi.dll
0x00007ffc16da0000 - 0x00007ffc16db5000 	C:\WINDOWS\system32\wshbth.dll
0x0000000057710000 - 0x0000000057745000 	C:\Program Files\Bonjour\mdnsNSP.dll
0x00007ffc2dff0000 - 0x00007ffc2dffa000 	C:\Windows\System32\rasadhlp.dll
0x00007ffc32430000 - 0x00007ffc324a7000 	C:\WINDOWS\System32\fwpuclnt.dll
0x00007ffc38a10000 - 0x00007ffc38a36000 	C:\WINDOWS\System32\bcrypt.dll
0x00007ffc375b0000 - 0x00007ffc375e3000 	C:\WINDOWS\system32\rsaenh.dll
0x00007ffc38120000 - 0x00007ffc38145000 	C:\WINDOWS\SYSTEM32\USERENV.dll
0x00007ffc37c10000 - 0x00007ffc37c1c000 	C:\WINDOWS\SYSTEM32\CRYPTBASE.dll
0x00007ffc32a00000 - 0x00007ffc32a16000 	C:\WINDOWS\SYSTEM32\dhcpcsvc6.DLL
0x00007ffc32810000 - 0x00007ffc3282c000 	C:\WINDOWS\SYSTEM32\dhcpcsvc.DLL
0x0000000056fc0000 - 0x0000000056fe4000 	E:\jdk\jre\bin\sunec.dll
0x0000000056fb0000 - 0x0000000056fbb000 	E:\jdk\jre\bin\sunmscapi.dll
0x00007ffc38820000 - 0x00007ffc38969000 	C:\WINDOWS\System32\CRYPT32.dll
0x00007ffc38260000 - 0x00007ffc38272000 	C:\WINDOWS\System32\MSASN1.dll

VM Arguments:
jvm_args: -ea -Didea.test.cyclic.buffer.size=1048576 -javaagent:E:\summerWork\java idea\IntelliJ IDEA 2018.1.6\lib\idea_rt.jar=64857:E:\summerWork\java idea\IntelliJ IDEA 2018.1.6\bin -Dfile.encoding=UTF-8 
java_command: com.intellij.rt.execution.junit.JUnitStarter -ideVersion5 -junit5 com.mjrj.lzh.pms.PmsApplicationTests,test55
java_class_path (initial): E:\summerWork\java idea\IntelliJ IDEA 2018.1.6\lib\idea_rt.jar;E:\summerWork\java idea\IntelliJ IDEA 2018.1.6\plugins\junit\lib\junit-rt.jar;E:\summerWork\java idea\IntelliJ IDEA 2018.1.6\plugins\junit\lib\junit5-rt.jar;E:\maven\repository\org\junit\platform\junit-platform-launcher\1.5.2\junit-platform-launcher-1.5.2.jar;E:\maven\repository\org\apiguardian\apiguardian-api\1.1.0\apiguardian-api-1.1.0.jar;E:\maven\repository\org\junit\platform\junit-platform-engine\1.5.2\junit-platform-engine-1.5.2.jar;E:\maven\repository\org\opentest4j\opentest4j\1.2.0\opentest4j-1.2.0.jar;E:\maven\repository\org\junit\platform\junit-platform-commons\1.5.2\junit-platform-commons-1.5.2.jar;E:\jdk\jre\lib\charsets.jar;E:\jdk\jre\lib\deploy.jar;E:\jdk\jre\lib\ext\access-bridge-64.jar;E:\jdk\jre\lib\ext\cldrdata.jar;E:\jdk\jre\lib\ext\dnsns.jar;E:\jdk\jre\lib\ext\jaccess.jar;E:\jdk\jre\lib\ext\jfxrt.jar;E:\jdk\jre\lib\ext\localedata.jar;E:\jdk\jre\lib\ext\nashorn.jar;E:\jdk\jre\lib\ext\sunec.jar;E:\jdk\jre\lib\ext\sunjce_provider.jar;E:\jdk\jre\lib\ext\sunmscapi.jar;E:\jdk\jre\lib\ext\sunpkcs11.jar;E:\jdk\jre\lib\ext\zipfs.jar;E:\jdk\jre\lib\javaws.jar;E:\jdk\jre\lib\jce.jar;E:\jdk\jre\lib\jfr.jar;E:\jdk\jre\lib\jfxswt.jar;E:\jdk\jre\lib\jsse.jar;E:\jdk\jre\lib\management-agent.jar;E:\jdk\jre\lib\plugin.jar;E:\jdk\jre\lib\resources.jar;E:\jdk\jre\lib\rt.jar;E:\jdk\jre\lib\tools.jar;E:\jdk;E:\ylz-brt\zw_work\pms\target\test-classes;E:\ylz-brt\zw_work\pms\target\classes;E:\maven\mavenKu\org\springframework\boot\spring-boot-starter-thymeleaf\2.2.5.RELEASE\spring-boot-starter-thymeleaf-2.2.5.RELEASE.jar;E:\maven\mavenKu\org\springframework\boot\spring-boot-starter\2.2.5.RELEASE\spring-boot-starter-2.2.5.RELEASE.jar;E:\maven\mavenKu\org\springframework\boot\spring-boot-starter-logging\2.2.5.RELEASE\spring-boot-starter-logging-2.2.5.RELEASE.jar;E:\maven\mavenKu\ch\qos\logback\logback-classic\1.2.3\logback-classic-1.2.3.jar;E:\maven\mavenKu\ch\qos\logback\logback-co
Launcher Type: SUN_STANDARD

Environment Variables:
PATH=;\win32;E:\ylz-brt\powerbuilder8\Shared\Web Targets;E:\ylz-brt\powerbuilder8\Shared\PowerBuilder;E:\instantclient_19.3\instantclient_19_3\network\ADMIN;C:\WINDOWS\system32;C:\WINDOWS;C:\WINDOWS\System32\Wbem;E:\Python\Scripts\;E:\Python\;E:\Anaconda3;E:\Anaconda3\Library\mingw-w64\bin;E:\Anaconda3\Library\usr\bin;E:\Anaconda3\Library\bin;E:\Anaconda3\Scripts;C:\Users\小林子\AppData\Local\Microsoft\WindowsApps;E:\apache-maven-3.6.0\bin;E:\jdk\bin;E:\DataBase\Oracle\product\11.2.0\dbhome_1\BIN;
USERNAME=小林子
OS=Windows_NT
PROCESSOR_IDENTIFIER=Intel64 Family 6 Model 60 Stepping 3, GenuineIntel



---------------  S Y S T E M  ---------------

OS: Windows 10.0 , 64 bit Build 18362 (10.0.18362.329)

CPU:total 4 (initial active 4) (2 cores per cpu, 2 threads per core) family 6 model 60 stepping 3, cmov, cx8, fxsr, mmx, sse, sse2, sse3, ssse3, sse4.1, sse4.2, popcnt, avx, avx2, aes, clmul, erms, lzcnt, ht, tsc, tscinvbit, bmi1, bmi2

Memory: 4k page, physical 8275004k(987732k free), swap 12469308k(5064k free)

vm_info: Java HotSpot(TM) 64-Bit Server VM (25.131-b11) for windows-amd64 JRE (1.8.0_131-b11), built on Mar 15 2017 01:23:53 by "java_re" with MS VC++ 10.0 (VS2010)

time: Sat Mar 28 23:00:03 2020
elapsed time: 35 seconds (0d 0h 0m 35s)

